-------------------------------------------------------------------------------
Test set: TrialTest
-------------------------------------------------------------------------------
Tests run: 1, Failures: 1, Errors: 0, Skipped: 0, Time elapsed: 0.812 sec <<< FAILURE! - in TrialTest
testCreate  Time elapsed: 0.796 sec  <<< FAILURE!
org.opentest4j.AssertionFailedError: expected: <1> but was: <100>
	at TrialTest.testCreate(TrialTest.java:71)

